<?xml version="1.0" encoding="UTF-8"?>
<testsuite xmlns:xsi="http://www.w3.org/2001/XMLSchema-instance" xsi:noNamespaceSchemaLocation="https://maven.apache.org/surefire/maven-surefire-plugin/xsd/surefire-test-report.xsd" name="support.runtest" time="4.158" tests="6" errors="0" skipped="0" failures="0">
  <properties>
[...]
</properties>
  <testcase name="Listar todos los usuarios" classname="Pruebas al servicio usuarios" time="1.428"/>
  <testcase name="Mostrar Usuario" classname="Pruebas al servicio usuarios" time="0.107"/>
  <testcase name="Usuario no registrado" classname="Pruebas al servicio usuarios" time="0.479"/>
  <testcase name="Crear usuario" classname="Pruebas al servicio usuarios" time="0.866"/>
  <testcase name="Actualizar usuario" classname="Pruebas al servicio usuarios" time="0.559"/>
  <testcase name="Actualizar usuario con patch" classname="Pruebas al servicio usuarios" time="0.425"/>
</testsuite>